RunID 45, Segment 3 (loop 514) - RunState:Ramp,
                       ReadTmp:826.43, RampTmp:827.26, TargetTmp:945.00,
                       Output:100.00, CycleOnSec:30.00, RemainTime:0:41:34
                    
47.7703 + 10.1562 + 25.0000 + 24.135417 = 100.0000
RunID 45, Segment 3 (loop 515) - RunState:Ramp,
                       ReadTmp:826.98, RampTmp:828.68, TargetTmp:945.00,
                       Output:100.00, CycleOnSec:30.00, RemainTime:0:41:02
                    
47.9348 +  2.8125 + 25.0000 + -34.270833 =  41.4765
RunID 45, Segment 3 (loop 516) - RunState:Ramp,
                       ReadTmp:829.62, RampTmp:830.09, TargetTmp:945.00,
                       Output:41.48, CycleOnSec:12.44, RemainTime:0:40:31
                    
48.0675 + -3.2656 + 24.7823 + -28.364583 =  41.2196
RunID 45, Segment 3 (loop 517) - RunState:Ramp,
                       ReadTmp:832.05, RampTmp:831.51, TargetTmp:945.00,
                       Output:41.22, CycleOnSec:12.37, RemainTime:0:40:01
                    
48.0764 +  4.3906 + 25.0000 + 35.729167 = 100.0000
RunID 45, Segment 3 (loop 518) - RunState:Ramp,
                       ReadTmp:832.20, RampTmp:832.93, TargetTmp:945.00,
                       Output:100.00, CycleOnSec:30.00, RemainTime:0:39:31
                    
48.1195 +  9.2344 + 25.0000 + 22.604167 = 100.0000
RunID 45, Segment 3 (loop 519) - RunState:Ramp,
                       ReadTmp:832.80, RampTmp:834.34, TargetTmp:945.00,
                       Output:100.00, CycleOnSec:30.00, RemainTime:0:39:00
                    
48.2723 +  1.4687 + 25.0000 + -36.239583 =  38.5015
RunID 45, Segment 3 (loop 520) - RunState:Ramp,
                       ReadTmp:835.52, RampTmp:835.76, TargetTmp:945.00,
                       Output:38.50, CycleOnSec:11.55, RemainTime:0:38:28
                    
48.3961 + -1.9844 + 24.8677 + -16.114583 =  55.1648
RunID 45, Segment 3 (loop 521) - RunState:Ramp,
                       ReadTmp:837.51, RampTmp:837.18, TargetTmp:945.00,
                       Output:55.16, CycleOnSec:16.55, RemainTime:0:37:58
                    
48.4331 +  2.5781 + 25.0000 + 21.291667 =  97.3029
RunID 45, Segment 3 (loop 522) - RunState:Ramp,
                       ReadTmp:838.16, RampTmp:838.59, TargetTmp:945.00,
                       Output:97.30, CycleOnSec:29.19, RemainTime:0:37:28
                    
48.4720 +  7.1406 + 25.0000 + 21.291667 = 100.0000
RunID 45, Segment 3 (loop 523) - RunState:Ramp,
                       ReadTmp:838.82, RampTmp:840.01, TargetTmp:945.00,
                       Output:100.00, CycleOnSec:30.00, RemainTime:0:36:58
                    
48.6352 +  0.8281 + 25.0000 + -29.458333 =  45.0049
RunID 45, Segment 3 (loop 524) - RunState:Ramp,
                       ReadTmp:841.29, RampTmp:841.43, TargetTmp:945.00,
                       Output:45.00, CycleOnSec:13.50, RemainTime:0:36:27
                    
48.7941 + -6.4688 + 24.5687 + -34.052083 =  32.8420
RunID 45, Segment 3 (loop 525) - RunState:Ramp,
                       ReadTmp:843.92, RampTmp:842.84, TargetTmp:945.00,
                       Output:32.84, CycleOnSec:9.85, RemainTime:0:35:57
                    
48.7861 +  1.5625 + 24.6729 + 37.479167 = 100.0000
RunID 45, Segment 3 (loop 526) - RunState:Ramp,
                       ReadTmp:844.00, RampTmp:844.26, TargetTmp:945.00,
                       Output:100.00, CycleOnSec:30.00, RemainTime:0:35:27
                    
48.7852 +  9.4531 + 25.0000 + 36.822917 = 100.0000
RunID 45, Segment 3 (loop 527) - RunState:Ramp,
                       ReadTmp:844.10, RampTmp:845.68, TargetTmp:945.00,
                       Output:100.00, CycleOnSec:30.00, RemainTime:0:34:56
                    
48.9141 +  0.8906 + 25.0000 + -39.958333 =  34.8464
RunID 45, Segment 3 (loop 528) - RunState:Ramp,
                       ReadTmp:846.95, RampTmp:847.09, TargetTmp:945.00,
                       Output:34.85, CycleOnSec:10.45, RemainTime:0:34:25
                    
49.0205 + -1.6250 + 24.8917 + -11.739583 =  60.5476
RunID 45, Segment 3 (loop 529) - RunState:Ramp,
                       ReadTmp:848.78, RampTmp:848.51, TargetTmp:945.00,
                       Output:60.55, CycleOnSec:18.16, RemainTime:0:33:55
                    
49.0575 +  5.1406 + 25.0000 + 31.572917 = 100.0000
RunID 45, Segment 3 (loop 530) - RunState:Ramp,
                       ReadTmp:849.07, RampTmp:849.93, TargetTmp:945.00,
                       Output:100.00, CycleOnSec:30.00, RemainTime:0:33:25
                    
49.1466 +  5.7187 + 25.0000 + 2.697917 =  82.5632
RunID 45, Segment 3 (loop 531) - RunState:Ramp,
                       ReadTmp:850.39, RampTmp:851.34, TargetTmp:945.00,
                       Output:82.56, CycleOnSec:24.77, RemainTime:0:32:55
                    
49.3275 + -1.8594 + 24.8760 + -35.364583 =  36.9796
RunID 45, Segment 3 (loop 532) - RunState:Ramp,
                       ReadTmp:853.07, RampTmp:852.76, TargetTmp:945.00,
                       Output:36.98, CycleOnSec:11.09, RemainTime:0:32:25
                    
49.3777 +  1.2031 + 24.9562 + 14.291667 =  89.8287
RunID 45, Segment 3 (loop 533) - RunState:Ramp,
                       ReadTmp:853.98, RampTmp:854.18, TargetTmp:945.00,
                       Output:89.83, CycleOnSec:26.95, RemainTime:0:31:55
                    
49.4372 +  3.7500 + 25.0000 + 11.885417 =  90.0726
RunID 45, Segment 3 (loop 534) - RunState:Ramp,
                       ReadTmp:854.97, RampTmp:855.59, TargetTmp:945.00,
                       Output:90.07, CycleOnSec:27.02, RemainTime:0:31:25
                    
49.5459 + -0.6406 + 24.9573 + -20.489583 =  53.3730
RunID 45, Segment 3 (loop 535) - RunState:Ramp,
                       ReadTmp:857.12, RampTmp:857.01, TargetTmp:945.00,
                       Output:53.37, CycleOnSec:16.01, RemainTime:0:30:55
                    
49.6716 + -4.2813 + 24.6719 + -16.989583 =  53.0726
RunID 45, Segment 3 (loop 536) - RunState:Ramp,
                       ReadTmp:859.14, RampTmp:858.43, TargetTmp:945.00,
                       Output:53.07, CycleOnSec:15.92, RemainTime:0:30:25
                    
49.7180 +  1.4531 + 24.7687 + 26.760417 = 100.0000
RunID 45, Segment 3 (loop 537) - RunState:Ramp,
                       ReadTmp:859.60, RampTmp:859.84, TargetTmp:945.00,
                       Output:100.00, CycleOnSec:30.00, RemainTime:0:29:55
                    
49.7827 +  3.7187 + 25.0000 + 10.572917 =  89.0743
RunID 45, Segment 3 (loop 538) - RunState:Ramp,
                       ReadTmp:860.64, RampTmp:861.26, TargetTmp:945.00,
                       Output:89.07, CycleOnSec:26.72, RemainTime:0:29:24
                    
49.9261 + -3.0625 + 24.7958 + -31.645833 =  40.0136
RunID 45, Segment 3 (loop 539) - RunState:Ramp,
                       ReadTmp:863.19, RampTmp:862.68, TargetTmp:945.00,
                       Output:40.01, CycleOnSec:12.00, RemainTime:0:28:54
                    
50.0414 + -4.9688 + 24.4646 + -8.895833 =  60.6414
RunID 45, Segment 3 (loop 540) - RunState:Ramp,
                       ReadTmp:864.92, RampTmp:864.09, TargetTmp:945.00,
                       Output:60.64, CycleOnSec:18.19, RemainTime:0:28:24
                    
50.0489 +  2.9687 + 24.6625 + 37.041667 = 100.0000
RunID 45, Segment 3 (loop 541) - RunState:Ramp,
                       ReadTmp:865.02, RampTmp:865.51, TargetTmp:945.00,
                       Output:100.00, CycleOnSec:30.00, RemainTime:0:27:54
                    
50.0897 +  4.1094 + 24.9365 + 5.322917 =  84.4584
RunID 45, Segment 3 (loop 542) - RunState:Ramp,
                       ReadTmp:866.24, RampTmp:866.93, TargetTmp:945.00,
                       Output:84.46, CycleOnSec:25.34, RemainTime:0:27:23
                    
50.2434 + -3.1875 + 24.7240 + -34.052083 =  37.7278
RunID 45, Segment 3 (loop 543) - RunState:Ramp,
                       ReadTmp:868.88, RampTmp:868.34, TargetTmp:945.00,
                       Output:37.73, CycleOnSec:11.32, RemainTime:0:26:53
                    
50.2809 + -0.8750 + 24.6656 + 10.791667 =  84.8632
RunID 45, Segment 3 (loop 544) - RunState:Ramp,
                       ReadTmp:869.91, RampTmp:869.76, TargetTmp:945.00,
                       Output:84.86, CycleOnSec:25.46, RemainTime:0:26:23
                    
50.3602 +  1.6250 + 24.7740 + 11.666667 =  88.4258
RunID 45, Segment 3 (loop 545) - RunState:Ramp,
                       ReadTmp:870.91, RampTmp:871.18, TargetTmp:945.00,
                       Output:88.43, CycleOnSec:26.53, RemainTime:0:25:53
                    
50.4759 +  0.0937 + 24.7802 + -7.145833 =  68.2041
RunID 45, Segment 3 (loop 546) - RunState:Ramp,
                       ReadTmp:872.58, RampTmp:872.59, TargetTmp:945.00,
                       Output:68.20, CycleOnSec:20.46, RemainTime:0:25:23
                    
50.5964 + -4.3438 + 24.4906 + -20.708333 =  50.0349
RunID 45, Segment 3 (loop 547) - RunState:Ramp,
                       ReadTmp:874.73, RampTmp:874.01, TargetTmp:945.00,
                       Output:50.03, CycleOnSec:15.01, RemainTime:0:24:53
                    
50.6442 +  0.0312 + 24.4927 + 20.416667 =  95.5848
RunID 45, Segment 3 (loop 548) - RunState:Ramp,
                       ReadTmp:875.42, RampTmp:875.43, TargetTmp:945.00,
                       Output:95.58, CycleOnSec:28.68, RemainTime:0:24:23
                    
50.7122 +  2.8125 + 24.6802 + 12.979167 =  91.1841
RunID 45, Segment 3 (loop 549) - RunState:Ramp,
                       ReadTmp:876.38, RampTmp:876.84, TargetTmp:945.00,
                       Output:91.18, CycleOnSec:27.36, RemainTime:0:23:53
                    
50.8509 + -3.9219 + 24.4187 + -31.427083 =  39.9207
RunID 45, Segment 3 (loop 550) - RunState:Ramp,
                       ReadTmp:878.91, RampTmp:878.26, TargetTmp:945.00,
                       Output:39.92, CycleOnSec:11.98, RemainTime:0:23:23
                    
50.9597 + -3.6250 + 24.1771 + 1.385417 =  72.8972
RunID 45, Segment 3 (loop 551) - RunState:Ramp,
                       ReadTmp:880.28, RampTmp:879.68, TargetTmp:945.00,
                       Output:72.90, CycleOnSec:21.87, RemainTime:0:22:53
                    
51.0052 +  1.4062 + 24.2708 + 23.479167 = 100.0000
RunID 45, Segment 3 (loop 552) - RunState:Ramp,
                       ReadTmp:880.86, RampTmp:881.09, TargetTmp:945.00,
                       Output:100.00, CycleOnSec:30.00, RemainTime:0:22:23
                    
51.0839 +  1.7969 + 24.3906 + 1.822917 =  79.0943
RunID 45, Segment 3 (loop 553) - RunState:Ramp,
                       ReadTmp:882.21, RampTmp:882.51, TargetTmp:945.00,
                       Output:79.09, CycleOnSec:23.73, RemainTime:0:21:52
                    
51.2602 + -6.7188 + 23.9427 + -39.739583 =  28.7445
RunID 45, Segment 3 (loop 554) - RunState:Ramp,
                       ReadTmp:885.05, RampTmp:883.93, TargetTmp:945.00,
                       Output:28.74, CycleOnSec:8.62, RemainTime:0:21:22
                    
51.3000 + -2.0625 + 23.8052 + 21.729167 =  94.7719
RunID 45, Segment 3 (loop 555) - RunState:Ramp,
                       ReadTmp:885.69, RampTmp:885.34, TargetTmp:945.00,
                       Output:94.77, CycleOnSec:28.43, RemainTime:0:20:52
                    
51.3056 +  5.2187 + 24.1531 + 33.979167 = 100.0000
RunID 45, Segment 3 (loop 556) - RunState:Ramp,
                       ReadTmp:885.89, RampTmp:886.76, TargetTmp:945.00,
                       Output:100.00, CycleOnSec:30.00, RemainTime:0:20:21
                    
51.4486 + -0.5313 + 24.1177 + -26.833333 =  48.2017
RunID 45, Segment 3 (loop 557) - RunState:Ramp,
                       ReadTmp:888.27, RampTmp:888.18, TargetTmp:945.00,
                       Output:48.20, CycleOnSec:14.46, RemainTime:0:19:50
                    
51.5831 + -5.2500 + 23.7677 + -22.020833 =  48.0800
RunID 45, Segment 3 (loop 558) - RunState:Ramp,
                       ReadTmp:890.47, RampTmp:889.59, TargetTmp:945.00,
                       Output:48.08, CycleOnSec:14.42, RemainTime:0:19:20
                    
51.5878 +  1.9844 + 23.9000 + 33.760417 = 100.0000
RunID 45, Segment 3 (loop 559) - RunState:Ramp,
                       ReadTmp:890.68, RampTmp:891.01, TargetTmp:945.00,
                       Output:100.00, CycleOnSec:30.00, RemainTime:0:18:50
                    
51.6239 +  6.7344 + 24.3490 + 22.166667 = 100.0000
RunID 45, Segment 3 (loop 560) - RunState:Ramp,
                       ReadTmp:891.30, RampTmp:892.43, TargetTmp:945.00,
                       Output:100.00, CycleOnSec:30.00, RemainTime:0:18:20
                    
51.7917 + -0.7500 + 24.2990 + -34.927083 =  40.4136
RunID 45, Segment 3 (loop 561) - RunState:Ramp,
                       ReadTmp:893.97, RampTmp:893.84, TargetTmp:945.00,
                       Output:40.41, CycleOnSec:12.12, RemainTime:0:17:49
                    
51.9216 + -4.2969 + 24.0125 + -16.552083 =  55.0851
RunID 45, Segment 3 (loop 562) - RunState:Ramp,
                       ReadTmp:895.98, RampTmp:895.26, TargetTmp:945.00,
                       Output:55.09, CycleOnSec:16.53, RemainTime:0:17:19
                    
51.9384 +  2.5625 + 24.1833 + 32.010417 = 100.0000
RunID 45, Segment 3 (loop 563) - RunState:Ramp,
                       ReadTmp:896.25, RampTmp:896.68, TargetTmp:945.00,
                       Output:100.00, CycleOnSec:30.00, RemainTime:0:16:49
                    
51.9853 +  6.3750 + 24.6083 + 17.791667 = 100.0000
RunID 45, Segment 3 (loop 564) - RunState:Ramp,
                       ReadTmp:897.03, RampTmp:898.09, TargetTmp:945.00,
                       Output:100.00, CycleOnSec:30.00, RemainTime:0:16:18
                    
52.1625 + -3.1250 + 24.4000 + -44.333333 =  29.1042
RunID 45, Segment 3 (loop 565) - RunState:Ramp,
                       ReadTmp:900.03, RampTmp:899.51, TargetTmp:945.00,
                       Output:29.10, CycleOnSec:8.73, RemainTime:0:15:47
                    
52.2483 + -2.9219 + 24.2052 + 0.947917 =  74.4795
RunID 45, Segment 3 (loop 566) - RunState:Ramp,
                       ReadTmp:901.41, RampTmp:900.93, TargetTmp:945.00,
                       Output:74.48, CycleOnSec:22.34, RemainTime:0:15:17
                    
52.2717 +  3.8437 + 24.4615 + 31.572917 = 100.0000
RunID 45, Segment 3 (loop 567) - RunState:Ramp,
                       ReadTmp:901.70, RampTmp:902.34, TargetTmp:945.00,
                       Output:100.00, CycleOnSec:30.00, RemainTime:0:14:47
                    
52.3659 +  2.8281 + 24.6500 + -4.739583 =  75.1045
RunID 45, Segment 3 (loop 568) - RunState:Ramp,
                       ReadTmp:903.29, RampTmp:903.76, TargetTmp:945.00,
                       Output:75.10, CycleOnSec:22.53, RemainTime:0:14:16
                    
52.5234 + -4.1875 + 24.3708 + -32.739583 =  39.9672
RunID 45, Segment 3 (loop 569) - RunState:Ramp,
                       ReadTmp:905.88, RampTmp:905.18, TargetTmp:945.00,
                       Output:39.97, CycleOnSec:11.99, RemainTime:0:13:46
                    
52.5511 +  0.2344 + 24.3865 + 20.635417 =  97.8073
RunID 45, Segment 3 (loop 570) - RunState:Ramp,
                       ReadTmp:906.55, RampTmp:906.59, TargetTmp:945.00,
                       Output:97.81, CycleOnSec:29.34, RemainTime:0:13:16
                    
52.6003 +  3.8125 + 24.6406 + 16.697917 =  97.7514
RunID 45, Segment 3 (loop 571) - RunState:Ramp,
                       ReadTmp:907.38, RampTmp:908.01, TargetTmp:945.00,
                       Output:97.75, CycleOnSec:29.33, RemainTime:0:12:46
                    
52.7587 + -3.1094 + 24.4333 + -32.302083 =  41.7806
RunID 45, Segment 3 (loop 572) - RunState:Ramp,
                       ReadTmp:909.95, RampTmp:909.43, TargetTmp:945.00,
                       Output:41.78, CycleOnSec:12.53, RemainTime:0:12:14
                    
52.8539 + -3.9844 + 24.1677 + -4.083333 =  68.9539
RunID 45, Segment 3 (loop 573) - RunState:Ramp,
                       ReadTmp:911.51, RampTmp:910.84, TargetTmp:945.00,
                       Output:68.95, CycleOnSec:20.69, RemainTime:0:11:44
                    
52.8820 +  0.9062 + 24.2281 + 22.822917 = 100.0000
RunID 45, Segment 3 (loop 574) - RunState:Ramp,
                       ReadTmp:912.11, RampTmp:912.26, TargetTmp:945.00,
                       Output:100.00, CycleOnSec:30.00, RemainTime:0:11:14
                    
52.9472 +  2.6094 + 24.4021 + 7.947917 =  87.9066
RunID 45, Segment 3 (loop 575) - RunState:Ramp,
                       ReadTmp:913.24, RampTmp:913.68, TargetTmp:945.00,
                       Output:87.91, CycleOnSec:26.37, RemainTime:0:10:43
                    
53.1309 + -6.6094 + 23.9615 + -43.020833 =  27.4622
RunID 45, Segment 3 (loop 576) - RunState:Ramp,
                       ReadTmp:916.20, RampTmp:915.09, TargetTmp:945.00,
                       Output:27.46, CycleOnSec:8.24, RemainTime:0:10:13
                    
53.1783 + -2.1875 + 23.8156 + 20.635417 =  95.4418
RunID 45, Segment 3 (loop 577) - RunState:Ramp,
                       ReadTmp:916.88, RampTmp:916.51, TargetTmp:945.00,
                       Output:95.44, CycleOnSec:28.63, RemainTime:0:09:43
                    
53.2191 +  2.0937 + 23.9552 + 19.979167 =  99.2472
RunID 45, Segment 3 (loop 578) - RunState:Ramp,
                       ReadTmp:917.58, RampTmp:917.93, TargetTmp:945.00,
                       Output:99.25, CycleOnSec:29.77, RemainTime:0:09:13
                    
53.3709 + -4.7344 + 23.6396 + -31.864583 =  40.4116
RunID 45, Segment 3 (loop 579) - RunState:Ramp,
                       ReadTmp:920.13, RampTmp:919.34, TargetTmp:945.00,
                       Output:40.41, CycleOnSec:12.12, RemainTime:0:08:41
                    
53.4703 + -5.3281 + 23.2844 + -2.770833 =  68.6557
RunID 45, Segment 3 (loop 580) - RunState:Ramp,
                       ReadTmp:921.65, RampTmp:920.76, TargetTmp:945.00,
                       Output:68.66, CycleOnSec:20.60, RemainTime:0:08:11
                    
53.5055 +  0.0312 + 23.2865 + 25.010417 = 100.0000
RunID 45, Segment 3 (loop 581) - RunState:Ramp,
                       ReadTmp:922.17, RampTmp:922.18, TargetTmp:945.00,
                       Output:100.00, CycleOnSec:30.00, RemainTime:0:07:41
                    
53.5964 + -0.5625 + 23.2490 + -2.770833 =  73.5120
RunID 45, Segment 3 (loop 582) - RunState:Ramp,
                       ReadTmp:923.69, RampTmp:923.59, TargetTmp:945.00,
                       Output:73.51, CycleOnSec:22.05, RemainTime:0:07:10
                    
53.7614 + -9.0781 + 22.6437 + -39.739583 =  27.5874
RunID 45, Segment 3 (loop 583) - RunState:Ramp,
                       ReadTmp:926.52, RampTmp:925.01, TargetTmp:945.00,
                       Output:27.59, CycleOnSec:8.28, RemainTime:0:06:40
                    
53.7736 + -1.7031 + 22.5302 + 34.416667 = 100.0000
RunID 45, Segment 3 (loop 584) - RunState:Ramp,
                       ReadTmp:926.71, RampTmp:926.43, TargetTmp:945.00,
                       Output:100.00, CycleOnSec:30.00, RemainTime:0:06:10
                    
53.8064 +  3.8437 + 22.7865 + 25.885417 = 100.0000
RunID 45, Segment 3 (loop 585) - RunState:Ramp,
                       ReadTmp:927.20, RampTmp:927.84, TargetTmp:945.00,
                       Output:100.00, CycleOnSec:30.00, RemainTime:0:05:39
                    
54.0122 + -6.8281 + 22.3312 + -49.802083 =  19.7132
RunID 45, Segment 3 (loop 586) - RunState:Ramp,
                       ReadTmp:930.40, RampTmp:929.26, TargetTmp:945.00,
                       Output:19.71, CycleOnSec:5.91, RemainTime:0:05:08
                    
54.0703 + -4.8906 + 22.0052 + 9.041667 =  80.2266
RunID 45, Segment 3 (loop 587) - RunState:Ramp,
                       ReadTmp:931.49, RampTmp:930.68, TargetTmp:945.00,
                       Output:80.23, CycleOnSec:24.07, RemainTime:0:04:38
                    
54.0881 +  0.4687 + 22.0365 + 25.010417 = 100.0000
RunID 45, Segment 3 (loop 588) - RunState:Ramp,
                       ReadTmp:932.02, RampTmp:932.09, TargetTmp:945.00,
                       Output:100.00, CycleOnSec:30.00, RemainTime:0:04:08
                    
54.2137 + -3.5938 + 21.7969 + -18.958333 =  53.4585
RunID 45, Segment 3 (loop 589) - RunState:Ramp,
                       ReadTmp:934.11, RampTmp:933.51, TargetTmp:945.00,
                       Output:53.46, CycleOnSec:16.04, RemainTime:0:03:37
                    
54.3642 + -9.4375 + 21.1677 + -27.270833 =  38.8236
RunID 45, Segment 3 (loop 590) - RunState:Ramp,
                       ReadTmp:936.50, RampTmp:934.93, TargetTmp:945.00,
                       Output:38.82, CycleOnSec:11.65, RemainTime:0:03:07
                    
54.3628 + -0.8438 + 21.1115 + 40.104167 = 100.0000
RunID 45, Segment 3 (loop 591) - RunState:Ramp,
                       ReadTmp:936.48, RampTmp:936.34, TargetTmp:945.00,
                       Output:100.00, CycleOnSec:30.00, RemainTime:0:02:37
                    
54.4120 +  3.5312 + 21.3469 + 20.416667 =  99.7068
RunID 45, Segment 3 (loop 592) - RunState:Ramp,
                       ReadTmp:937.17, RampTmp:937.76, TargetTmp:945.00,
                       Output:99.71, CycleOnSec:29.91, RemainTime:0:02:06
                    
54.5822 + -6.2969 + 20.9271 + -45.864583 =  23.3478
RunID 45, Segment 3 (loop 593) - RunState:Target Reached,
                       ReadTmp:940.23, RampTmp:939.18, TargetTmp:945.00,
                       Output:23.35, CycleOnSec:7.00, RemainTime:0:00:00
                    
54.6305 +  3.0000 + 21.1271 + 43.385417 = 100.0000
RunID 45, Segment 4 (loop 1) - RunState:Ramp,
                       ReadTmp:941.02, RampTmp:941.52, TargetTmp:1004.00,
                       Output:100.00, CycleOnSec:30.00, RemainTime:1:17:59
                    
54.8264 + -13.9219 + 20.1990 + -78.968750 =   0.0000
RunID 45, Segment 4 (loop 2) - RunState:Ramp,
                       ReadTmp:944.34, RampTmp:942.02, TargetTmp:1004.00,
                       Output:0.00, CycleOnSec:0.00, RemainTime:1:17:29
                    
54.8362 + -11.1562 + 19.4552 + 12.906250 =  76.0415
RunID 45, Segment 4 (loop 3) - RunState:Ramp,
                       ReadTmp:944.38, RampTmp:942.52, TargetTmp:1004.00,
                       Output:76.04, CycleOnSec:22.81, RemainTime:1:16:59
                    
54.8236 + -6.7031 + 19.0083 + 20.781250 =  87.9101
RunID 45, Segment 4 (loop 4) - RunState:Ramp,
                       ReadTmp:944.13, RampTmp:943.02, TargetTmp:1004.00,
                       Output:87.91, CycleOnSec:26.37, RemainTime:1:16:29
                    
54.9127 + -11.4844 + 18.2427 + -22.312500 =  39.3585
RunID 45, Segment 4 (loop 5) - RunState:Ramp,
                       ReadTmp:945.43, RampTmp:943.52, TargetTmp:1004.00,
                       Output:39.36, CycleOnSec:11.81, RemainTime:1:15:59
                    
54.9717 + -13.9688 + 17.3115 + -11.593750 =  46.7207
RunID 45, Segment 4 (loop 6) - RunState:Ramp,
                       ReadTmp:946.34, RampTmp:944.02, TargetTmp:1004.00,
                       Output:46.72, CycleOnSec:14.02, RemainTime:1:15:29
                    
54.9375 + -7.5469 + 16.8083 + 29.968750 =  94.1677
RunID 45, Segment 4 (loop 7) - RunState:Ramp,
                       ReadTmp:945.77, RampTmp:944.52, TargetTmp:1004.00,
                       Output:94.17, CycleOnSec:28.25, RemainTime:1:14:59
                    
54.9633 + -7.7344 + 16.2927 + -0.875000 =  62.6466
RunID 45, Segment 4 (loop 8) - RunState:Ramp,
                       ReadTmp:946.30, RampTmp:945.02, TargetTmp:1004.00,
                       Output:62.65, CycleOnSec:18.79, RemainTime:1:14:29
                    
55.0683 + -15.4219 + 15.2646 + -35.875000 =  19.0360
RunID 45, Segment 4 (loop 9) - RunState:Ramp,
                       ReadTmp:948.09, RampTmp:945.52, TargetTmp:1004.00,
                       Output:19.04, CycleOnSec:5.71, RemainTime:1:13:59
                    
55.0027 + -6.0000 + 14.8646 + 43.968750 = 100.0000
RunID 45, Segment 4 (loop 10) - RunState:Ramp,
                       ReadTmp:947.02, RampTmp:946.02, TargetTmp:1004.00,
                       Output:100.00, CycleOnSec:30.00, RemainTime:1:13:29
                    
55.0153 + -3.6094 + 14.6240 + 11.156250 =  77.1861
RunID 45, Segment 4 (loop 11) - RunState:Ramp,
                       ReadTmp:947.12, RampTmp:946.52, TargetTmp:1004.00,
                       Output:77.19, CycleOnSec:23.16, RemainTime:1:12:58
                    
55.1714 + -16.2188 + 13.5427 + -58.843750 =   0.0000
RunID 45, Segment 4 (loop 12) - RunState:Ramp,
                       ReadTmp:949.72, RampTmp:947.02, TargetTmp:1004.00,
                       Output:0.00, CycleOnSec:0.00, RemainTime:1:12:28
                    
55.0884 + -5.0156 + 13.2083 + 52.281250 = 100.0000
RunID 45, Segment 4 (loop 13) - RunState:Ramp,
                       ReadTmp:948.35, RampTmp:947.52, TargetTmp:1004.00,
                       Output:100.00, CycleOnSec:30.00, RemainTime:1:11:58
                    
55.0945 + -1.5938 + 13.1021 + 15.968750 =  82.5716
RunID 45, Segment 4 (loop 14) - RunState:Ramp,
                       ReadTmp:948.28, RampTmp:948.02, TargetTmp:1004.00,
                       Output:82.57, CycleOnSec:24.77, RemainTime:1:11:27
                    
55.2436 + -13.3594 + 12.2115 + -54.906250 =   0.0000
RunID 45, Segment 4 (loop 15) - RunState:Ramp,
                       ReadTmp:950.74, RampTmp:948.52, TargetTmp:1004.00,
                       Output:0.00, CycleOnSec:0.00, RemainTime:1:10:57
                    
55.1944 + -4.9688 + 11.8802 + 39.156250 = 100.0000
RunID 45, Segment 4 (loop 16) - RunState:Ramp,
                       ReadTmp:949.84, RampTmp:949.02, TargetTmp:1004.00,
                       Output:100.00, CycleOnSec:30.00, RemainTime:1:10:27
                    
55.2047 + -2.3906 + 11.7208 + 12.031250 =  76.5661
RunID 45, Segment 4 (loop 17) - RunState:Ramp,
                       ReadTmp:949.91, RampTmp:949.52, TargetTmp:1004.00,
                       Output:76.57, CycleOnSec:22.97, RemainTime:1:09:56
                    
55.3500 + -14.2969 + 10.7677 + -55.562500 =   0.0000
RunID 45, Segment 4 (loop 18) - RunState:Ramp,
                       ReadTmp:952.40, RampTmp:950.02, TargetTmp:1004.00,
                       Output:0.00, CycleOnSec:0.00, RemainTime:1:09:26
                    
55.2694 + -3.4688 + 10.5365 + 50.531250 = 100.0000
RunID 45, Segment 4 (loop 19) - RunState:Ramp,
                       ReadTmp:951.09, RampTmp:950.52, TargetTmp:1004.00,
                       Output:100.00, CycleOnSec:30.00, RemainTime:1:08:56
                    
55.2722 +  0.0469 + 10.5396 + 16.406250 =  82.2649
RunID 45, Segment 4 (loop 20) - RunState:Ramp,
                       ReadTmp:951.01, RampTmp:951.02, TargetTmp:1004.00,
                       Output:82.26, CycleOnSec:24.68, RemainTime:1:08:25
                    
55.4170 + -12.4219 +  9.7115 + -58.187500 =   0.0000
RunID 45, Segment 4 (loop 21) - RunState:Ramp,
                       ReadTmp:953.59, RampTmp:951.52, TargetTmp:1004.00,
                       Output:0.00, CycleOnSec:0.00, RemainTime:1:07:55
                    
55.3650 + -4.0781 +  9.4396 + 38.937500 =  99.6640
RunID 45, Segment 4 (loop 22) - RunState:Ramp,
                       ReadTmp:952.70, RampTmp:952.02, TargetTmp:1004.00,
                       Output:99.66, CycleOnSec:29.90, RemainTime:1:07:25
                    
55.3730 + -1.9688 +  9.3083 + 9.843750 =  72.5563
RunID 45, Segment 4 (loop 23) - RunState:Ramp,
                       ReadTmp:952.84, RampTmp:952.52, TargetTmp:1004.00,
                       Output:72.56, CycleOnSec:21.77, RemainTime:1:06:54
                    
55.5056 + -12.6562 +  8.4646 + -49.875000 =   1.4390
RunID 45, Segment 4 (loop 24) - RunState:Ramp,
                       ReadTmp:955.12, RampTmp:953.02, TargetTmp:1004.00,
                       Output:1.44, CycleOnSec:0.43, RemainTime:1:06:24
                    
55.4119 + -0.5625 +  8.4271 + 56.437500 = 100.0000
RunID 45, Segment 4 (loop 25) - RunState:Ramp,
                       ReadTmp:953.61, RampTmp:953.52, TargetTmp:1004.00,
                       Output:100.00, CycleOnSec:30.00, RemainTime:1:05:54
                    
55.4175 +  2.2500 +  8.5771 + 13.125000 =  79.3696
RunID 45, Segment 4 (loop 26) - RunState:Ramp,
                       ReadTmp:953.64, RampTmp:954.02, TargetTmp:1004.00,
                       Output:79.37, CycleOnSec:23.81, RemainTime:1:05:24
                    
55.5755 + -9.8438 +  7.9208 + -56.437500 =   0.0000
RunID 45, Segment 4 (loop 27) - RunState:Ramp,
                       ReadTmp:956.16, RampTmp:954.52, TargetTmp:1004.00,
                       Output:0.00, CycleOnSec:0.00, RemainTime:1:04:54
                    
55.5070 + -0.9375 +  7.8583 + 41.562500 = 100.0000
RunID 45, Segment 4 (loop 28) - RunState:Ramp,
                       ReadTmp:955.17, RampTmp:955.02, TargetTmp:1004.00,
                       Output:100.00, CycleOnSec:30.00, RemainTime:1:04:24
                    
55.4977 +  3.2344 +  8.0740 + 19.468750 =  86.2747
RunID 45, Segment 4 (loop 29) - RunState:Ramp,
                       ReadTmp:954.98, RampTmp:955.52, TargetTmp:1004.00,
                       Output:86.27, CycleOnSec:25.88, RemainTime:1:03:53
                    
55.6814 + -11.3438 +  7.3177 + -68.031250 =   0.0000
RunID 45, Segment 4 (loop 30) - RunState:Ramp,
                       ReadTmp:957.91, RampTmp:956.02, TargetTmp:1004.00,
                       Output:0.00, CycleOnSec:0.00, RemainTime:1:03:23
                    
55.6256 + -2.9531 +  7.1208 + 39.156250 =  98.9496
RunID 45, Segment 4 (loop 31) - RunState:Ramp,
                       ReadTmp:957.01, RampTmp:956.52, TargetTmp:1004.00,
                       Output:98.95, CycleOnSec:29.68, RemainTime:1:02:53
                    
55.6631 + -2.2500 +  6.9708 + 3.281250 =  63.6652
RunID 45, Segment 4 (loop 32) - RunState:Ramp,
                       ReadTmp:957.39, RampTmp:957.02, TargetTmp:1004.00,
                       Output:63.67, CycleOnSec:19.10, RemainTime:1:02:22
                    
55.7686 + -10.5938 +  6.2646 + -38.937500 =  12.5019
RunID 45, Segment 4 (loop 33) - RunState:Ramp,
                       ReadTmp:959.28, RampTmp:957.52, TargetTmp:1004.00,
                       Output:12.50, CycleOnSec:3.75, RemainTime:1:01:52
                    
55.7039 + -1.6875 +  6.1521 + 41.562500 = 100.0000
RunID 45, Segment 4 (loop 34) - RunState:Ramp,
                       ReadTmp:958.30, RampTmp:958.02, TargetTmp:1004.00,
                       Output:100.00, CycleOnSec:30.00, RemainTime:1:01:22
                    
55.7325 + -1.9688 +  6.0208 + -1.312500 =  58.4721
RunID 45, Segment 4 (loop 35) - RunState:Ramp,
                       ReadTmp:958.84, RampTmp:958.52, TargetTmp:1004.00,
                       Output:58.47, CycleOnSec:17.54, RemainTime:1:00:47
                    
55.8759 + -13.5938 +  5.1146 + -54.250000 =   0.0000
RunID 45, Segment 4 (loop 36) - RunState:Ramp,
                       ReadTmp:961.28, RampTmp:959.02, TargetTmp:1004.00,
                       Output:0.00, CycleOnSec:0.00, RemainTime:1:00:17
                    
55.7494 +  2.3438 +  5.2708 + 74.375000 = 100.0000
RunID 45, Segment 4 (loop 37) - RunState:Ramp,
                       ReadTmp:959.12, RampTmp:959.52, TargetTmp:1004.00,
                       Output:100.00, CycleOnSec:30.00, RemainTime:0:59:47
                    
55.7447 +  5.8594 +  5.6615 + 16.406250 =  83.6718
RunID 45, Segment 4 (loop 38) - RunState:Ramp,
                       ReadTmp:959.04, RampTmp:960.02, TargetTmp:1004.00,
                       Output:83.67, CycleOnSec:25.10, RemainTime:0:59:16
                    
55.8966 + -6.5156 +  5.2271 + -57.750000 =   0.0000
RunID 45, Segment 4 (loop 39) - RunState:Ramp,
                       ReadTmp:961.60, RampTmp:960.52, TargetTmp:1004.00,
                       Output:0.00, CycleOnSec:0.00, RemainTime:0:58:46
                    
55.8712 + -0.3281 +  5.2052 + 28.875000 =  89.6233
RunID 45, Segment 4 (loop 40) - RunState:Ramp,
                       ReadTmp:961.07, RampTmp:961.02, TargetTmp:1004.00,
                       Output:89.62, CycleOnSec:26.89, RemainTime:0:58:16
                    
55.8595 +  2.9531 +  5.4021 + 15.312500 =  79.5272
RunID 45, Segment 4 (loop 41) - RunState:Ramp,
                       ReadTmp:961.02, RampTmp:961.52, TargetTmp:1004.00,
                       Output:79.53, CycleOnSec:23.86, RemainTime:0:57:46
                    
55.9814 + -5.7188 +  5.0208 + -40.468750 =  14.8147
RunID 45, Segment 4 (loop 42) - RunState:Ramp,
                       ReadTmp:962.97, RampTmp:962.02, TargetTmp:1004.00,
                       Output:14.81, CycleOnSec:4.44, RemainTime:0:57:16
                    
55.9645 + -0.7500 +  4.9708 + 23.187500 =  83.3729
RunID 45, Segment 4 (loop 43) - RunState:Ramp,
                       ReadTmp:962.64, RampTmp:962.52, TargetTmp:1004.00,
                       Output:83.37, CycleOnSec:25.01, RemainTime:0:56:46
                    
55.9561 +  1.2188 +  5.0521 + 9.187500 =  71.4144
RunID 45, Segment 4 (loop 44) - RunState:Ramp,
                       ReadTmp:962.81, RampTmp:963.02, TargetTmp:1004.00,
                       Output:71.41, CycleOnSec:21.42, RemainTime:0:56:16
                    
56.0461 + -5.7188 +  4.6708 + -32.375000 =  22.6232
RunID 45, Segment 4 (loop 45) - RunState:Ramp,
                       ReadTmp:964.47, RampTmp:963.52, TargetTmp:1004.00,
                       Output:22.62, CycleOnSec:6.79, RemainTime:0:55:46
                    
56.0170 +  0.5625 +  4.7083 + 29.312500 =  90.6004
RunID 45, Segment 4 (loop 46) - RunState:Ramp,
                       ReadTmp:963.92, RampTmp:964.02, TargetTmp:1004.00,
                       Output:90.60, CycleOnSec:27.18, RemainTime:0:55:16
                    
56.0503 +  1.2188 +  4.7896 + 3.062500 =  65.1211
RunID 45, Segment 4 (loop 47) - RunState:Ramp,
                       ReadTmp:964.31, RampTmp:964.52, TargetTmp:1004.00,
                       Output:65.12, CycleOnSec:19.54, RemainTime:0:54:46
                    
56.1698 + -6.7031 +  4.3427 + -36.968750 =  16.8407
RunID 45, Segment 4 (loop 48) - RunState:Ramp,
                       ReadTmp:966.13, RampTmp:965.02, TargetTmp:1004.00,
                       Output:16.84, CycleOnSec:5.05, RemainTime:0:54:16
                    
56.1155 +  2.0156 +  4.4771 + 40.687500 = 100.0000
RunID 45, Segment 4 (loop 49) - RunState:Ramp,
                       ReadTmp:965.18, RampTmp:965.52, TargetTmp:1004.00,
                       Output:100.00, CycleOnSec:30.00, RemainTime:0:53:46
                    
56.1375 +  2.9531 +  4.6740 + 4.375000 =  68.1396
RunID 45, Segment 4 (loop 50) - RunState:Ramp,
                       ReadTmp:965.52, RampTmp:966.02, TargetTmp:1004.00,
                       Output:68.14, CycleOnSec:20.44, RemainTime:0:53:15
                    
56.2917 + -8.9531 +  4.0771 + -55.562500 =   0.0000
RunID 45, Segment 4 (loop 51) - RunState:Ramp,
                       ReadTmp:968.01, RampTmp:966.52, TargetTmp:1004.00,
                       Output:0.00, CycleOnSec:0.00, RemainTime:0:52:45
                    
56.1938 +  3.3281 +  4.2990 + 57.312500 = 100.0000
RunID 45, Segment 4 (loop 52) - RunState:Ramp,
                       ReadTmp:966.46, RampTmp:967.02, TargetTmp:1004.00,
                       Output:100.00, CycleOnSec:30.00, RemainTime:0:52:15
                    
56.2064 +  5.2031 +  4.6458 + 8.750000 =  74.8054
RunID 45, Segment 4 (loop 53) - RunState:Ramp,
                       ReadTmp:966.65, RampTmp:967.52, TargetTmp:1004.00,
                       Output:74.81, CycleOnSec:22.44, RemainTime:0:51:44
                    
56.3442 + -6.3750 +  4.2208 + -54.031250 =   0.1588
RunID 45, Segment 4 (loop 54) - RunState:Ramp,
                       ReadTmp:969.08, RampTmp:968.02, TargetTmp:1004.00,
                       Output:0.16, CycleOnSec:0.05, RemainTime:0:51:14
                    
56.2711 +  4.3594 +  4.5115 + 50.093750 = 100.0000
RunID 45, Segment 4 (loop 55) - RunState:Ramp,
                       ReadTmp:967.79, RampTmp:968.52, TargetTmp:1004.00,
                       Output:100.00, CycleOnSec:30.00, RemainTime:0:50:44
                    
56.2837 +  6.4688 +  4.9427 + 9.843750 =  77.5390
RunID 45, Segment 4 (loop 56) - RunState:Ramp,
                       ReadTmp:967.94, RampTmp:969.02, TargetTmp:1004.00,
                       Output:77.54, CycleOnSec:23.26, RemainTime:0:50:14
                    
56.4408 + -6.1406 +  4.5333 + -58.843750 =   0.0000
RunID 45, Segment 4 (loop 57) - RunState:Ramp,
                       ReadTmp:970.54, RampTmp:969.52, TargetTmp:1004.00,
                       Output:0.00, CycleOnSec:0.00, RemainTime:0:49:44
                    
56.3887 +  1.9688 +  4.6646 + 37.843750 = 100.0000
RunID 45, Segment 4 (loop 58) - RunState:Ramp,
                       ReadTmp:969.69, RampTmp:970.02, TargetTmp:1004.00,
                       Output:100.00, CycleOnSec:30.00, RemainTime:0:49:14
                    
56.3817 +  5.6250 +  5.0396 + 17.062500 =  84.1088
RunID 45, Segment 4 (loop 59) - RunState:Ramp,
                       ReadTmp:969.58, RampTmp:970.52, TargetTmp:1004.00,
                       Output:84.11, CycleOnSec:25.23, RemainTime:0:48:42
                    
56.5392 + -8.1562 +  4.4958 + -64.312500 =   0.0000
RunID 45, Segment 4 (loop 60) - RunState:Ramp,
                       ReadTmp:972.38, RampTmp:971.02, TargetTmp:1004.00,
                       Output:0.00, CycleOnSec:0.00, RemainTime:0:48:12
                    
56.4933 + -0.3281 +  4.4740 + 36.531250 =  97.1704
RunID 45, Segment 4 (loop 61) - RunState:Ramp,
                       ReadTmp:971.57, RampTmp:971.52, TargetTmp:1004.00,
                       Output:97.17, CycleOnSec:29.15, RemainTime:0:47:42
                    
56.4947 +  2.6719 +  4.6521 + 14.000000 =  77.8186
RunID 45, Segment 4 (loop 62) - RunState:Ramp,
                       ReadTmp:971.57, RampTmp:972.02, TargetTmp:1004.00,
                       Output:77.82, CycleOnSec:23.35, RemainTime:0:47:12
                    
56.6386 + -7.6406 +  4.1427 + -48.125000 =   5.0157
RunID 45, Segment 4 (loop 63) - RunState:Ramp,
                       ReadTmp:973.79, RampTmp:972.52, TargetTmp:1004.00,
                       Output:5.02, CycleOnSec:1.50, RemainTime:0:46:42
                    
56.6039 + -0.7500 +  4.0927 + 32.156250 =  92.1029
RunID 45, Segment 4 (loop 64) - RunState:Ramp,
                       ReadTmp:973.14, RampTmp:973.02, TargetTmp:1004.00,
                       Output:92.10, CycleOnSec:27.63, RemainTime:0:46:12
                    
56.6227 +  0.3281 +  4.1146 + 5.031250 =  66.0966
RunID 45, Segment 4 (loop 65) - RunState:Ramp,
                       ReadTmp:973.46, RampTmp:973.52, TargetTmp:1004.00,
                       Output:66.10, CycleOnSec:19.83, RemainTime:0:45:42
                    
56.7483 + -8.5312 +  3.5458 + -41.343750 =  10.4191
RunID 45, Segment 4 (loop 66) - RunState:Ramp,
                       ReadTmp:975.44, RampTmp:974.02, TargetTmp:1004.00,
                       Output:10.42, CycleOnSec:3.13, RemainTime:0:45:12
                    
56.6747 +  1.7344 +  3.6615 + 47.906250 = 100.0000
RunID 45, Segment 4 (loop 67) - RunState:Ramp,
                       ReadTmp:974.23, RampTmp:974.52, TargetTmp:1004.00,
                       Output:100.00, CycleOnSec:30.00, RemainTime:0:44:42
                    
56.6878 +  4.0312 +  3.9302 + 10.718750 =  75.3680
RunID 45, Segment 4 (loop 68) - RunState:Ramp,
                       ReadTmp:974.34, RampTmp:975.02, TargetTmp:1004.00,
                       Output:75.37, CycleOnSec:22.61, RemainTime:0:44:11
                    
56.8500 + -9.0000 +  3.3302 + -60.812500 =   0.0000
RunID 45, Segment 4 (loop 69) - RunState:Ramp,
                       ReadTmp:977.02, RampTmp:975.52, TargetTmp:1004.00,
                       Output:0.00, CycleOnSec:0.00, RemainTime:0:43:41
                    
56.7670 +  2.1094 +  3.4708 + 51.843750 = 100.0000
RunID 45, Segment 4 (loop 70) - RunState:Ramp,
                       ReadTmp:975.66, RampTmp:976.02, TargetTmp:1004.00,
                       Output:100.00, CycleOnSec:30.00, RemainTime:0:43:11
                    
56.7581 +  5.6250 +  3.8458 + 16.406250 =  82.6352
RunID 45, Segment 4 (loop 71) - RunState:Ramp,
                       ReadTmp:975.58, RampTmp:976.52, TargetTmp:1004.00,
                       Output:82.64, CycleOnSec:24.79, RemainTime:0:42:40
                    
56.9166 + -9.2344 +  3.2302 + -69.343750 =   0.0000
RunID 45, Segment 4 (loop 72) - RunState:Ramp,
                       ReadTmp:978.55, RampTmp:977.02, TargetTmp:1004.00,
                       Output:0.00, CycleOnSec:0.00, RemainTime:0:42:10
                    
56.8462 +  1.5938 +  3.3365 + 50.531250 = 100.0000
RunID 45, Segment 4 (loop 73) - RunState:Ramp,
                       ReadTmp:977.25, RampTmp:977.52, TargetTmp:1004.00,
                       Output:100.00, CycleOnSec:30.00, RemainTime:0:41:40
                    
56.8697 +  2.7656 +  3.5208 + 5.468750 =  68.6249
RunID 45, Segment 4 (loop 74) - RunState:Ramp,
                       ReadTmp:977.55, RampTmp:978.02, TargetTmp:1004.00,
                       Output:68.62, CycleOnSec:20.59, RemainTime:0:41:09
                    
57.0220 + -9.4688 +  2.8896 + -57.093750 =   0.0000
RunID 45, Segment 4 (loop 75) - RunState:Ramp,
                       ReadTmp:980.09, RampTmp:978.52, TargetTmp:1004.00,
                       Output:0.00, CycleOnSec:0.00, RemainTime:0:40:39
                    
56.9527 +  0.6094 +  2.9302 + 47.031250 = 100.0000
RunID 45, Segment 4 (loop 76) - RunState:Ramp,
                       ReadTmp:978.91, RampTmp:979.02, TargetTmp:1004.00,
                       Output:100.00, CycleOnSec:30.00, RemainTime:0:40:09
                    
56.9339 +  5.1094 +  3.2708 + 21.000000 =  86.3141
RunID 45, Segment 4 (loop 77) - RunState:Ramp,
                       ReadTmp:978.66, RampTmp:979.52, TargetTmp:1004.00,
                       Output:86.31, CycleOnSec:25.89, RemainTime:0:39:38
                    
57.0877 + -8.7656 +  2.6865 + -64.750000 =   0.0000
RunID 45, Segment 4 (loop 78) - RunState:Ramp,
                       ReadTmp:981.48, RampTmp:980.02, TargetTmp:1004.00,
                       Output:0.00, CycleOnSec:0.00, RemainTime:0:39:08
                    
57.0230 + -1.4062 +  2.5927 + 34.343750 =  92.5532
RunID 45, Segment 4 (loop 79) - RunState:Ramp,
                       ReadTmp:980.75, RampTmp:980.52, TargetTmp:1004.00,
                       Output:92.55, CycleOnSec:27.77, RemainTime:0:38:38
                    
57.0230 +  1.5938 +  2.6990 + 14.000000 =  75.3157
RunID 45, Segment 4 (loop 80) - RunState:Ramp,
                       ReadTmp:980.75, RampTmp:981.02, TargetTmp:1004.00,
                       Output:75.32, CycleOnSec:22.59, RemainTime:0:38:08
                    
57.1430 + -6.8906 +  2.2396 + -39.593750 =  12.8982
RunID 45, Segment 4 (loop 81) - RunState:Ramp,
                       ReadTmp:982.66, RampTmp:981.52, TargetTmp:1004.00,
                       Output:12.90, CycleOnSec:3.87, RemainTime:0:37:38
                    
57.1177 + -1.3594 +  2.1490 + 25.812500 =  83.7197
RunID 45, Segment 4 (loop 82) - RunState:Ramp,
                       ReadTmp:982.24, RampTmp:982.02, TargetTmp:1004.00,
                       Output:83.72, CycleOnSec:25.12, RemainTime:0:37:08
                    
57.1139 +  1.2656 +  2.2333 + 12.250000 =  72.8629
RunID 45, Segment 4 (loop 83) - RunState:Ramp,
                       ReadTmp:982.30, RampTmp:982.52, TargetTmp:1004.00,
                       Output:72.86, CycleOnSec:21.86, RemainTime:0:36:38
                    
57.2208 + -6.0938 +  1.8271 + -34.343750 =  18.6104
RunID 45, Segment 4 (loop 84) - RunState:Ramp,
                       ReadTmp:984.03, RampTmp:983.02, TargetTmp:1004.00,
                       Output:18.61, CycleOnSec:5.58, RemainTime:0:36:08
                    
57.1777 +  0.4219 +  1.8552 + 30.406250 =  89.8610
RunID 45, Segment 4 (loop 85) - RunState:Ramp,
                       ReadTmp:983.45, RampTmp:983.52, TargetTmp:1004.00,
                       Output:89.86, CycleOnSec:26.96, RemainTime:0:35:38
                    
57.1828 +  3.0469 +  2.0583 + 12.250000 =  74.5380
RunID 45, Segment 4 (loop 86) - RunState:Ramp,
                       ReadTmp:983.51, RampTmp:984.02, TargetTmp:1004.00,
                       Output:74.54, CycleOnSec:22.36, RemainTime:0:35:08
                    
57.3197 + -6.5156 +  1.6240 + -44.625000 =   7.8030
RunID 45, Segment 4 (loop 87) - RunState:Ramp,
                       ReadTmp:985.60, RampTmp:984.52, TargetTmp:1004.00,
                       Output:7.80, CycleOnSec:2.34, RemainTime:0:34:38
                    
57.2456 +  4.9688 +  1.9552 + 53.593750 = 100.0000
RunID 45, Segment 4 (loop 88) - RunState:Ramp,
                       ReadTmp:984.19, RampTmp:985.02, TargetTmp:1004.00,
                       Output:100.00, CycleOnSec:30.00, RemainTime:0:34:08
                    
57.2836 +  4.5000 +  2.2552 + -2.187500 =  61.8513
RunID 45, Segment 4 (loop 89) - RunState:Ramp,
                       ReadTmp:984.77, RampTmp:985.52, TargetTmp:1004.00,
                       Output:61.85, CycleOnSec:18.56, RemainTime:0:33:36
                    
57.4242 +  0.0000 +  2.2552 + -21.000000 =  38.6794
RunID 45, Segment 4 (loop 90) - RunState:KilnSitter/Hold,
                       ReadTmp:987.21, RampTmp:987.21, TargetTmp:987.21,
                       Output:38.68, CycleOnSec:11.60, RemainTime:0:15:00
                    
57.4012 +  0.6562 +  2.2990 + 3.062500 =  63.4190
RunID 45, Segment 4 (loop 91) - RunState:KilnSitter/Hold,
                       ReadTmp:987.10, RampTmp:987.21, TargetTmp:987.21,
                       Output:63.42, CycleOnSec:19.03, RemainTime:0:14:30
                    
57.4167 + -0.3750 +  2.2740 + -4.812500 =  54.5032
RunID 45, Segment 4 (loop 92) - RunState:KilnSitter/Hold,
                       ReadTmp:987.27, RampTmp:987.21, TargetTmp:987.21,
                       Output:54.50, CycleOnSec:16.35, RemainTime:0:14:00
                    
57.4528 + -3.1406 +  2.0646 + -12.906250 =  43.4705
RunID 45, Segment 4 (loop 93) - RunState:KilnSitter/Hold,
                       ReadTmp:987.73, RampTmp:987.21, TargetTmp:987.21,
                       Output:43.47, CycleOnSec:13.04, RemainTime:0:13:30
                    
57.4303 + -1.2656 +  1.9802 + 8.750000 =  66.8949
RunID 45, Segment 4 (loop 94) - RunState:KilnSitter/Hold,
                       ReadTmp:987.42, RampTmp:987.21, TargetTmp:987.21,
                       Output:66.89, CycleOnSec:20.07, RemainTime:0:13:00
                    
57.4458 + -2.6250 +  1.8052 + -6.343750 =  50.2822
RunID 45, Segment 4 (loop 95) - RunState:KilnSitter/Hold,
                       ReadTmp:987.65, RampTmp:987.21, TargetTmp:987.21,
                       Output:50.28, CycleOnSec:15.08, RemainTime:0:12:30
                    
57.4327 + -3.9844 +  1.5396 + -6.343750 =  48.6441
RunID 45, Segment 4 (loop 96) - RunState:KilnSitter/Hold,
                       ReadTmp:987.88, RampTmp:987.21, TargetTmp:987.21,
                       Output:48.64, CycleOnSec:14.59, RemainTime:0:12:00
                    
57.4453 + -3.5156 +  1.3052 + 2.187500 =  57.4224
RunID 45, Segment 4 (loop 97) - RunState:KilnSitter/Hold,
                       ReadTmp:987.80, RampTmp:987.21, TargetTmp:987.21,
                       Output:57.42, CycleOnSec:17.23, RemainTime:0:11:30
                    
57.4641 + -3.8906 +  1.0458 + -1.750000 =  52.8693
RunID 45, Segment 4 (loop 98) - RunState:KilnSitter/Hold,
                       ReadTmp:987.86, RampTmp:987.21, TargetTmp:987.21,
                       Output:52.87, CycleOnSec:15.86, RemainTime:0:11:00
                    
57.4908 + -5.6250 +  0.6708 + -8.093750 =  44.4429
RunID 45, Segment 4 (loop 99) - RunState:KilnSitter/Hold,
                       ReadTmp:988.15, RampTmp:987.21, TargetTmp:987.21,
                       Output:44.44, CycleOnSec:13.33, RemainTime:0:10:30
                    
57.4416 + -3.5156 +  0.4365 + 9.843750 =  64.2061
RunID 45, Segment 4 (loop 100) - RunState:KilnSitter/Hold,
                       ReadTmp:987.80, RampTmp:987.21, TargetTmp:987.21,
                       Output:64.21, CycleOnSec:19.26, RemainTime:0:10:00
                    
57.4519 + -3.7500 +  0.1865 + -1.093750 =  52.7946
RunID 45, Segment 4 (loop 101) - RunState:KilnSitter/Hold,
                       ReadTmp:987.84, RampTmp:987.21, TargetTmp:987.21,
                       Output:52.79, CycleOnSec:15.84, RemainTime:0:09:30
                    
57.5048 + -8.1094 + -0.3542 + -20.343750 =  28.6976
RunID 45, Segment 4 (loop 102) - RunState:KilnSitter/Hold,
                       ReadTmp:988.56, RampTmp:987.21, TargetTmp:987.21,
                       Output:28.70, CycleOnSec:8.61, RemainTime:0:09:00
                    
57.4495 + -2.2500 + -0.5042 + 27.343750 =  82.0391
RunID 45, Segment 4 (loop 103) - RunState:KilnSitter/Hold,
                       ReadTmp:987.59, RampTmp:987.21, TargetTmp:987.21,
                       Output:82.04, CycleOnSec:24.61, RemainTime:0:08:30
                    
57.4763 + -5.5312 + -0.8729 + -15.312500 =  35.7596
RunID 45, Segment 4 (loop 104) - RunState:KilnSitter/Hold,
                       ReadTmp:988.13, RampTmp:987.21, TargetTmp:987.21,
                       Output:35.76, CycleOnSec:10.73, RemainTime:0:08:00
                    
57.4781 + -7.0312 + -1.3417 + -7.000000 =  42.1052
RunID 45, Segment 4 (loop 105) - RunState:KilnSitter/Hold,
                       ReadTmp:988.38, RampTmp:987.21, TargetTmp:987.21,
                       Output:42.11, CycleOnSec:12.63, RemainTime:0:07:30
                    
57.4397 + -2.3906 + -1.5010 + 21.656250 =  75.2043
RunID 45, Segment 4 (loop 106) - RunState:KilnSitter/Hold,
                       ReadTmp:987.61, RampTmp:987.21, TargetTmp:987.21,
                       Output:75.20, CycleOnSec:22.56, RemainTime:0:07:00
                    
57.4964 + -6.2812 + -1.9198 + -18.156250 =  31.1391
RunID 45, Segment 4 (loop 107) - RunState:KilnSitter/Hold,
                       ReadTmp:988.26, RampTmp:987.21, TargetTmp:987.21,
                       Output:31.14, CycleOnSec:9.34, RemainTime:0:06:30
                    
57.4959 + -6.0000 + -2.3198 + 1.312500 =  50.4886
RunID 45, Segment 4 (loop 108) - RunState:KilnSitter/Hold,
                       ReadTmp:988.21, RampTmp:987.21, TargetTmp:987.21,
                       Output:50.49, CycleOnSec:15.15, RemainTime:0:06:00
                    
57.4716 + -3.5156 + -2.5542 + 11.593750 =  62.9955
RunID 45, Segment 4 (loop 109) - RunState:KilnSitter/Hold,
                       ReadTmp:987.80, RampTmp:987.21, TargetTmp:987.21,
                       Output:63.00, CycleOnSec:18.90, RemainTime:0:05:30
                    
57.5016 + -5.6250 + -2.9292 + -9.843750 =  39.1036
RunID 45, Segment 4 (loop 110) - RunState:KilnSitter/Hold,
                       ReadTmp:988.15, RampTmp:987.21, TargetTmp:987.21,
                       Output:39.10, CycleOnSec:11.73, RemainTime:0:05:00
                    
57.4955 + -6.0469 + -3.3323 + -1.968750 =  46.1476
RunID 45, Segment 4 (loop 111) - RunState:KilnSitter/Hold,
                       ReadTmp:988.22, RampTmp:987.21, TargetTmp:987.21,
                       Output:46.15, CycleOnSec:13.84, RemainTime:0:04:30
                    
57.4575 + -1.8750 + -3.4573 + 19.468750 =  71.5940
RunID 45, Segment 4 (loop 112) - RunState:KilnSitter/Hold,
                       ReadTmp:987.52, RampTmp:987.21, TargetTmp:987.21,
                       Output:71.59, CycleOnSec:21.48, RemainTime:0:04:00
                    
57.5067 + -6.4219 + -3.8854 + -21.218750 =  25.9807
RunID 45, Segment 4 (loop 113) - RunState:KilnSitter/Hold,
                       ReadTmp:988.28, RampTmp:987.21, TargetTmp:987.21,
                       Output:25.98, CycleOnSec:7.79, RemainTime:0:03:30
                    
57.4880 + -5.0156 + -4.2198 + 6.562500 =  54.8151
RunID 45, Segment 4 (loop 114) - RunState:KilnSitter/Hold,
                       ReadTmp:988.05, RampTmp:987.21, TargetTmp:987.21,
                       Output:54.82, CycleOnSec:16.44, RemainTime:0:03:00
                    
57.4725 + -3.7500 + -4.4698 + 5.906250 =  55.1590
RunID 45, Segment 4 (loop 115) - RunState:KilnSitter/Hold,
                       ReadTmp:987.84, RampTmp:987.21, TargetTmp:987.21,
                       Output:55.16, CycleOnSec:16.55, RemainTime:0:02:30
                    
57.4748 + -4.7812 + -4.7885 + -4.812500 =  43.0926
RunID 45, Segment 4 (loop 116) - RunState:KilnSitter/Hold,
                       ReadTmp:988.01, RampTmp:987.21, TargetTmp:987.21,
                       Output:43.09, CycleOnSec:12.93, RemainTime:0:02:00
                    
57.4880 + -4.5469 + -5.0917 + 1.093750 =  48.9432
RunID 45, Segment 4 (loop 117) - RunState:KilnSitter/Hold,
                       ReadTmp:987.97, RampTmp:987.21, TargetTmp:987.21,
                       Output:48.94, CycleOnSec:14.68, RemainTime:0:01:30
                    
57.4547 + -1.7344 + -5.2073 + 13.125000 =  63.6380
RunID 45, Segment 4 (loop 118) - RunState:KilnSitter/Hold,
                       ReadTmp:987.50, RampTmp:987.21, TargetTmp:987.21,
                       Output:63.64, CycleOnSec:19.09, RemainTime:0:01:00
                    
57.4575 + -3.5156 + -5.4417 + -8.312500 =  40.1877
RunID 45, Segment 4 (loop 119) - RunState:KilnSitter/Hold,
                       ReadTmp:987.80, RampTmp:987.21, TargetTmp:987.21,
                       Output:40.19, CycleOnSec:12.06, RemainTime:0:00:30
                    
57.4669 + -3.7969 + -5.6948 + -1.312500 =  46.6627
RunID 45, Segment 4 (loop 120) - RunState:KilnSitter/Hold,
                       ReadTmp:987.84, RampTmp:987.21, TargetTmp:987.21,
                       Output:46.66, CycleOnSec:14.00, RemainTime:0:00:00

